#
# There is insufficient memory for the Java Runtime Environment to continue.
# Native memory allocation (malloc) failed to allocate 32744 bytes for ChunkPool::allocate
# Possible reasons:
#   The system is out of physical RAM or swap space
#   In 32 bit mode, the process size limit was hit
# Possible solutions:
#   Reduce memory load on the system
#   Increase physical memory or swap space
#   Check if swap backing store is full
#   Use 64 bit Java on a 64 bit OS
#   Decrease Java heap size (-Xmx/-Xms)
#   Decrease number of Java threads
#   Decrease Java thread stack sizes (-Xss)
#   Set larger code cache with -XX:ReservedCodeCacheSize=
# This output file may be truncated or incomplete.
#
#  Out of Memory Error (allocation.cpp:273), pid=11292, tid=0x0000000000003378
#
# JRE version: Java(TM) SE Runtime Environment (8.0_92-b14) (build 1.8.0_92-b14)
# Java VM: Java HotSpot(TM) 64-Bit Server VM (25.92-b14 mixed mode windows-amd64 compressed oops)
# Failed to write core dump. Minidumps are not enabled by default on client versions of Windows
#

---------------  T H R E A D  ---------------

Current thread (0x0000000016ea0000):  JavaThread "C2 CompilerThread0" daemon [_thread_in_native, id=13176, stack(0x00000000184f0000,0x00000000185f0000)]

Stack: [0x00000000184f0000,0x00000000185f0000]
[error occurred during error reporting (printing stack bounds), id 0xc0000005]

Native frames: (J=compiled Java code, j=interpreted, Vv=VM code, C=native code)


Current CompileTask:
C2:  23359 1062       4       com.esotericsoftware.kryo.io.Input::readUtf8 (90 bytes)


---------------  P R O C E S S  ---------------

Java Threads: ( => current thread )
  0x000000001a164800 JavaThread "forward input" [_thread_blocked, id=10388, stack(0x000000001b000000,0x000000001b100000)]
  0x000000001a163800 JavaThread "DisconnectableInputStream source reader" daemon [_thread_in_native, id=12040, stack(0x000000001af00000,0x000000001b000000)]
  0x0000000018e93000 JavaThread "pool-1-thread-1" [_thread_in_native, id=5884, stack(0x000000001ae00000,0x000000001af00000)]
  0x0000000018823000 JavaThread "Service Thread" daemon [_thread_blocked, id=10496, stack(0x0000000018bf0000,0x0000000018cf0000)]
  0x0000000016ea6000 JavaThread "C1 CompilerThread2" daemon [_thread_blocked, id=6612, stack(0x00000000186f0000,0x00000000187f0000)]
  0x0000000016ea2800 JavaThread "C2 CompilerThread1" daemon [_thread_blocked, id=8732, stack(0x00000000185f0000,0x00000000186f0000)]
=>0x0000000016ea0000 JavaThread "C2 CompilerThread0" daemon [_thread_in_native, id=13176, stack(0x00000000184f0000,0x00000000185f0000)]
  0x0000000016e9e800 JavaThread "Attach Listener" daemon [_thread_blocked, id=3140, stack(0x00000000183f0000,0x00000000184f0000)]
  0x0000000016e9d800 JavaThread "Signal Dispatcher" daemon [_thread_blocked, id=7320, stack(0x00000000182f0000,0x00000000183f0000)]
  0x0000000016e89000 JavaThread "Finalizer" daemon [_thread_blocked, id=6684, stack(0x0000000018100000,0x0000000018200000)]
  0x0000000002c41000 JavaThread "Reference Handler" daemon [_thread_blocked, id=4044, stack(0x0000000018000000,0x0000000018100000)]
  0x000000000294e000 JavaThread "main" [_thread_in_native, id=6552, stack(0x0000000002a50000,0x0000000002b50000)]

Other Threads:
  0x0000000016e67000 VMThread [stack: 0x0000000017f00000,0x0000000018000000] [id=5512]
  0x0000000018828000 WatcherThread [stack: 0x0000000018cf0000,0x0000000018df0000] [id=7936]

VM state:not at safepoint (normal execution)

VM Mutex/Monitor currently owned by a thread: None

Heap:
 PSYoungGen      total 33280K, used 10748K [0x00000000daf80000, 0x00000000dd480000, 0x0000000100000000)
  eden space 28672K, 21% used [0x00000000daf80000,0x00000000db58fc40,0x00000000dcb80000)
  from space 4608K, 98% used [0x00000000dd000000,0x00000000dd46f3d0,0x00000000dd480000)
  to   space 4608K, 0% used [0x00000000dcb80000,0x00000000dcb80000,0x00000000dd000000)
 ParOldGen       total 76800K, used 746K [0x0000000090e00000, 0x0000000095900000, 0x00000000daf80000)
  object space 76800K, 0% used [0x0000000090e00000,0x0000000090ebaaf8,0x0000000095900000)
 Metaspace       used 12386K, capacity 12776K, committed 12928K, reserved 1060864K
  class space    used 1666K, capacity 1804K, committed 1920K, reserved 1048576K

Card table byte_map: [0x0000000012010000,0x0000000012390000] byte_map_base: 0x0000000011b89000

Marking Bits: (ParMarkBitMap*) 0x000000005f6664f0
 Begin Bits: [0x00000000129f0000, 0x00000000145b8000)
 End Bits:   [0x00000000145b8000, 0x0000000016180000)

Polling page: 0x0000000001030000

CodeCache: size=245760Kb used=4002Kb max_used=4013Kb free=241757Kb
 bounds [0x0000000002c50000, 0x0000000003040000, 0x0000000011c50000]
 total_blobs=1494 nmethods=1126 adapters=282
 compilation: enabled

Compilation events (10 events):
Event: 23.145 Thread 0x0000000016ea6000 1058       1       org.gradle.internal.logging.events.StyledTextOutputEvent$Span::access$100 (5 bytes)
Event: 23.145 Thread 0x0000000016ea6000 nmethod 1058 0x000000000300ab90 code [0x000000000300ace0, 0x000000000300add0]
Event: 23.146 Thread 0x0000000016ea6000 1059       3       org.gradle.internal.logging.events.OperationIdentifier::<init> (10 bytes)
Event: 23.146 Thread 0x0000000016ea6000 nmethod 1059 0x000000000300ae50 code [0x000000000300afa0, 0x000000000300b150]
Event: 23.146 Thread 0x0000000016ea6000 1060   !   3       org.gradle.internal.serialize.kryo.KryoBackedDecoder::readSmallLong (16 bytes)
Event: 23.146 Thread 0x0000000016ea6000 nmethod 1060 0x000000000300b210 code [0x000000000300b3e0, 0x000000000300ba48]
Event: 23.146 Thread 0x0000000016ea6000 1061       3       com.esotericsoftware.kryo.io.Input::readLong (329 bytes)
Event: 23.148 Thread 0x0000000016ea6000 nmethod 1061 0x000000000300bd50 code [0x000000000300bee0, 0x000000000300c598]
Event: 23.148 Thread 0x0000000016ea6000 1066   !   3       org.gradle.internal.event.AbstractBroadcastDispatch::dispatch (127 bytes)
Event: 23.148 Thread 0x0000000016ea2800 1067       4       java.util.LinkedHashMap::newNode (23 bytes)

GC Heap History (4 events):
Event: 2.536 GC heap before
{Heap before GC invocations=1 (full 0):
 PSYoungGen      total 33280K, used 28672K [0x00000000daf80000, 0x00000000dd480000, 0x0000000100000000)
  eden space 28672K, 100% used [0x00000000daf80000,0x00000000dcb80000,0x00000000dcb80000)
  from space 4608K, 0% used [0x00000000dd000000,0x00000000dd000000,0x00000000dd480000)
  to   space 4608K, 0% used [0x00000000dcb80000,0x00000000dcb80000,0x00000000dd000000)
 ParOldGen       total 76800K, used 0K [0x0000000090e00000, 0x0000000095900000, 0x00000000daf80000)
  object space 76800K, 0% used [0x0000000090e00000,0x0000000090e00000,0x0000000095900000)
 Metaspace       used 8792K, capacity 9024K, committed 9216K, reserved 1056768K
  class space    used 1154K, capacity 1216K, committed 1280K, reserved 1048576K
Event: 2.548 GC heap after
Heap after GC invocations=1 (full 0):
 PSYoungGen      total 33280K, used 4582K [0x00000000daf80000, 0x00000000dd480000, 0x0000000100000000)
  eden space 28672K, 0% used [0x00000000daf80000,0x00000000daf80000,0x00000000dcb80000)
  from space 4608K, 99% used [0x00000000dcb80000,0x00000000dcff9ae8,0x00000000dd000000)
  to   space 4608K, 0% used [0x00000000dd000000,0x00000000dd000000,0x00000000dd480000)
 ParOldGen       total 76800K, used 738K [0x0000000090e00000, 0x0000000095900000, 0x00000000daf80000)
  object space 76800K, 0% used [0x0000000090e00000,0x0000000090eb8af8,0x0000000095900000)
 Metaspace       used 8792K, capacity 9024K, committed 9216K, reserved 1056768K
  class space    used 1154K, capacity 1216K, committed 1280K, reserved 1048576K
}
Event: 3.769 GC heap before
{Heap before GC invocations=2 (full 0):
 PSYoungGen      total 33280K, used 33254K [0x00000000daf80000, 0x00000000dd480000, 0x0000000100000000)
  eden space 28672K, 100% used [0x00000000daf80000,0x00000000dcb80000,0x00000000dcb80000)
  from space 4608K, 99% used [0x00000000dcb80000,0x00000000dcff9ae8,0x00000000dd000000)
  to   space 4608K, 0% used [0x00000000dd000000,0x00000000dd000000,0x00000000dd480000)
 ParOldGen       total 76800K, used 738K [0x0000000090e00000, 0x0000000095900000, 0x00000000daf80000)
  object space 76800K, 0% used [0x0000000090e00000,0x0000000090eb8af8,0x0000000095900000)
 Metaspace       used 11091K, capacity 11368K, committed 11648K, reserved 1058816K
  class space    used 1494K, capacity 1616K, committed 1664K, reserved 1048576K
Event: 3.780 GC heap after
Heap after GC invocations=2 (full 0):
 PSYoungGen      total 33280K, used 4540K [0x00000000daf80000, 0x00000000dd480000, 0x0000000100000000)
  eden space 28672K, 0% used [0x00000000daf80000,0x00000000daf80000,0x00000000dcb80000)
  from space 4608K, 98% used [0x00000000dd000000,0x00000000dd46f3d0,0x00000000dd480000)
  to   space 4608K, 0% used [0x00000000dcb80000,0x00000000dcb80000,0x00000000dd000000)
 ParOldGen       total 76800K, used 746K [0x0000000090e00000, 0x0000000095900000, 0x00000000daf80000)
  object space 76800K, 0% used [0x0000000090e00000,0x0000000090ebaaf8,0x0000000095900000)
 Metaspace       used 11091K, capacity 11368K, committed 11648K, reserved 1058816K
  class space    used 1494K, capacity 1616K, committed 1664K, reserved 1048576K
}

Deoptimization events (3 events):
Event: 0.696 Thread 0x000000000294e000 Uncommon trap: reason=unstable_if action=reinterpret pc=0x0000000002dc8a90 method=java.lang.String.startsWith(Ljava/lang/String;I)Z @ 25
Event: 2.801 Thread 0x000000000294e000 Uncommon trap: reason=unstable_if action=reinterpret pc=0x0000000002ed0cd8 method=java.io.File.equals(Ljava/lang/Object;)Z @ 19
Event: 2.802 Thread 0x000000000294e000 Uncommon trap: reason=unstable_if action=reinterpret pc=0x0000000002ece3f8 method=java.io.File.equals(Ljava/lang/Object;)Z @ 19

Internal exceptions (10 events):
Event: 3.889 Thread 0x000000000294e000 Exception <a 'java/lang/NoSuchMethodError': <clinit>> (0x00000000db23a1b0) thrown at [D:\re\workspace\8-2-build-windows-amd64-cygwin\jdk8u92\6642\hotspot\src\share\vm\prims\jni.cpp, line 1613]
Event: 3.894 Thread 0x000000000294e000 Exception <a 'java/lang/NoSuchMethodError': <clinit>> (0x00000000db2c7ba0) thrown at [D:\re\workspace\8-2-build-windows-amd64-cygwin\jdk8u92\6642\hotspot\src\share\vm\prims\jni.cpp, line 1613]
Event: 3.895 Thread 0x000000000294e000 Exception <a 'java/lang/NoSuchMethodError': <clinit>> (0x00000000db2cf188) thrown at [D:\re\workspace\8-2-build-windows-amd64-cygwin\jdk8u92\6642\hotspot\src\share\vm\prims\jni.cpp, line 1613]
Event: 3.906 Thread 0x000000000294e000 Exception <a 'java/lang/NoSuchMethodError': <clinit>> (0x00000000db32d218) thrown at [D:\re\workspace\8-2-build-windows-amd64-cygwin\jdk8u92\6642\hotspot\src\share\vm\prims\jni.cpp, line 1613]
Event: 3.911 Thread 0x000000000294e000 Exception <a 'java/lang/NoSuchMethodError': <clinit>> (0x00000000db344188) thrown at [D:\re\workspace\8-2-build-windows-amd64-cygwin\jdk8u92\6642\hotspot\src\share\vm\prims\jni.cpp, line 1613]
Event: 3.912 Thread 0x000000000294e000 Exception <a 'java/lang/NoSuchMethodError': <clinit>> (0x00000000db34cb08) thrown at [D:\re\workspace\8-2-build-windows-amd64-cygwin\jdk8u92\6642\hotspot\src\share\vm\prims\jni.cpp, line 1613]
Event: 3.914 Thread 0x000000000294e000 Exception <a 'java/lang/NoSuchMethodError': <clinit>> (0x00000000db3576b8) thrown at [D:\re\workspace\8-2-build-windows-amd64-cygwin\jdk8u92\6642\hotspot\src\share\vm\prims\jni.cpp, line 1613]
Event: 3.920 Thread 0x000000000294e000 Exception <a 'java/lang/NoSuchMethodError': <clinit>> (0x00000000db372df0) thrown at [D:\re\workspace\8-2-build-windows-amd64-cygwin\jdk8u92\6642\hotspot\src\share\vm\prims\jni.cpp, line 1613]
Event: 3.958 Thread 0x000000000294e000 Exception <a 'java/lang/NoSuchMethodError': <clinit>> (0x00000000db394ce8) thrown at [D:\re\workspace\8-2-build-windows-amd64-cygwin\jdk8u92\6642\hotspot\src\share\vm\prims\jni.cpp, line 1613]
Event: 3.960 Thread 0x000000000294e000 Exception <a 'java/lang/NoSuchMethodError': <clinit>> (0x00000000db39ea98) thrown at [D:\re\workspace\8-2-build-windows-amd64-cygwin\jdk8u92\6642\hotspot\src\share\vm\prims\jni.cpp, line 1613]

Events (10 events):
Event: 4.910 loading class org/gradle/internal/serialize/ExceptionReplacingObjectOutputStream
Event: 4.910 loading class org/gradle/internal/serialize/ExceptionReplacingObjectOutputStream done
Event: 4.911 loading class org/gradle/internal/serialize/ExceptionReplacingObjectInputStream
Event: 4.911 loading class org/gradle/internal/serialize/ExceptionReplacingObjectInputStream done
Event: 4.911 loading class org/gradle/internal/serialize/ExceptionReplacingObjectInputStream$1
Event: 4.911 loading class org/gradle/internal/serialize/ExceptionReplacingObjectInputStream$1 done
Event: 23.124 loading class org/gradle/internal/logging/events/StyledTextOutputEvent$Span
Event: 23.124 loading class org/gradle/internal/logging/events/StyledTextOutputEvent$Span done
Event: 23.125 loading class java/util/Collections$SingletonList
Event: 23.125 loading class java/util/Collections$SingletonList done


Dynamic libraries:
0x00007ff7c1af0000 - 0x00007ff7c1b27000 	C:\Program Files\Java\jdk1.8.0_92\bin\java.exe
0x00007ff93ee50000 - 0x00007ff93f02b000 	C:\WINDOWS\SYSTEM32\ntdll.dll
0x00007ff93eaf0000 - 0x00007ff93eb9e000 	C:\WINDOWS\System32\KERNEL32.DLL
0x00007ff93b560000 - 0x00007ff93b7a9000 	C:\WINDOWS\System32\KERNELBASE.dll
0x00007ff93e5c0000 - 0x00007ff93e661000 	C:\WINDOWS\System32\ADVAPI32.dll
0x00007ff93d860000 - 0x00007ff93d8fd000 	C:\WINDOWS\System32\msvcrt.dll
0x00007ff93e0b0000 - 0x00007ff93e109000 	C:\WINDOWS\System32\sechost.dll
0x00007ff93ddd0000 - 0x00007ff93def5000 	C:\WINDOWS\System32\RPCRT4.dll
0x00007ff93ed00000 - 0x00007ff93ee4a000 	C:\WINDOWS\System32\USER32.dll
0x00007ff93b540000 - 0x00007ff93b55e000 	C:\WINDOWS\System32\win32u.dll
0x00007ff93df60000 - 0x00007ff93df87000 	C:\WINDOWS\System32\GDI32.dll
0x00007ff93b7b0000 - 0x00007ff93b939000 	C:\WINDOWS\System32\gdi32full.dll
0x00007ff93b9a0000 - 0x00007ff93ba3a000 	C:\WINDOWS\System32\msvcp_win.dll
0x00007ff93c240000 - 0x00007ff93c336000 	C:\WINDOWS\System32\ucrtbase.dll
0x00007ff92fde0000 - 0x00007ff930047000 	C:\WINDOWS\WinSxS\amd64_microsoft.windows.common-controls_6595b64144ccf1df_6.0.15063.0_none_108e4f62dfe5d999\COMCTL32.dll
0x00007ff93e2c0000 - 0x00007ff93e5b9000 	C:\WINDOWS\System32\combase.dll
0x00007ff93c340000 - 0x00007ff93c3aa000 	C:\WINDOWS\System32\bcryptPrimitives.dll
0x00007ff93e280000 - 0x00007ff93e2ad000 	C:\WINDOWS\System32\IMM32.DLL
0x000000005f6f0000 - 0x000000005f7c2000 	C:\Program Files\Java\jdk1.8.0_92\jre\bin\msvcr100.dll
0x000000005ee50000 - 0x000000005f6e6000 	C:\Program Files\Java\jdk1.8.0_92\jre\bin\server\jvm.dll
0x00007ff93e0a0000 - 0x00007ff93e0a8000 	C:\WINDOWS\System32\PSAPI.DLL
0x00007ff91c020000 - 0x00007ff91c029000 	C:\WINDOWS\SYSTEM32\WSOCK32.dll
0x00007ff938a20000 - 0x00007ff938a43000 	C:\WINDOWS\SYSTEM32\WINMM.dll
0x00007ff93d900000 - 0x00007ff93d96c000 	C:\WINDOWS\System32\WS2_32.dll
0x00007ff933b40000 - 0x00007ff933b4a000 	C:\WINDOWS\SYSTEM32\VERSION.dll
0x00007ff9389c0000 - 0x00007ff9389eb000 	C:\WINDOWS\SYSTEM32\winmmbase.dll
0x00007ff93c1f0000 - 0x00007ff93c239000 	C:\WINDOWS\System32\cfgmgr32.dll
0x0000000060600000 - 0x000000006060f000 	C:\Program Files\Java\jdk1.8.0_92\jre\bin\verify.dll
0x00000000604e0000 - 0x0000000060509000 	C:\Program Files\Java\jdk1.8.0_92\jre\bin\java.dll
0x00000000604c0000 - 0x00000000604d6000 	C:\Program Files\Java\jdk1.8.0_92\jre\bin\zip.dll
0x00007ff93c3b0000 - 0x00007ff93d7e7000 	C:\WINDOWS\System32\SHELL32.dll
0x00007ff93e960000 - 0x00007ff93ea0a000 	C:\WINDOWS\System32\shcore.dll
0x00007ff93baf0000 - 0x00007ff93c1e2000 	C:\WINDOWS\System32\windows.storage.dll
0x00007ff93df00000 - 0x00007ff93df51000 	C:\WINDOWS\System32\shlwapi.dll
0x00007ff93b300000 - 0x00007ff93b311000 	C:\WINDOWS\System32\kernel.appcore.dll
0x00007ff93b320000 - 0x00007ff93b36c000 	C:\WINDOWS\System32\powrprof.dll
0x00007ff93b2e0000 - 0x00007ff93b2f5000 	C:\WINDOWS\System32\profapi.dll
0x00000000604a0000 - 0x00000000604ba000 	C:\Program Files\Java\jdk1.8.0_92\jre\bin\net.dll
0x00007ff93ab70000 - 0x00007ff93abcc000 	C:\WINDOWS\system32\mswsock.dll
0x0000000060480000 - 0x0000000060491000 	C:\Program Files\Java\jdk1.8.0_92\jre\bin\nio.dll
0x00007ff9365c0000 - 0x00007ff9365de000 	C:\Users\tnguy\.gradle\native\23\windows-amd64\native-platform.dll
0x00007ff938d60000 - 0x00007ff938d6a000 	C:\Users\tnguy\.gradle\native\jansi\1.14\windows64\jansi.dll
0x00007ff93ad10000 - 0x00007ff93ad27000 	C:\WINDOWS\SYSTEM32\CRYPTSP.dll
0x00007ff93a790000 - 0x00007ff93a7c4000 	C:\WINDOWS\system32\rsaenh.dll
0x00007ff93b190000 - 0x00007ff93b1b5000 	C:\WINDOWS\SYSTEM32\bcrypt.dll
0x00007ff93b1f0000 - 0x00007ff93b219000 	C:\WINDOWS\SYSTEM32\USERENV.dll
0x00007ff93ad30000 - 0x00007ff93ad3b000 	C:\WINDOWS\SYSTEM32\CRYPTBASE.dll
0x00007ff93a910000 - 0x00007ff93a947000 	C:\WINDOWS\SYSTEM32\IPHLPAPI.DLL
0x00007ff93e2b0000 - 0x00007ff93e2b8000 	C:\WINDOWS\System32\NSI.dll
0x00007ff935c00000 - 0x00007ff935c16000 	C:\WINDOWS\SYSTEM32\dhcpcsvc6.DLL
0x00007ff935be0000 - 0x00007ff935bfa000 	C:\WINDOWS\SYSTEM32\dhcpcsvc.DLL
0x00000000605f0000 - 0x00000000605fd000 	C:\Program Files\Java\jdk1.8.0_92\jre\bin\management.dll

VM Arguments:
jvm_args: -Dorg.gradle.appname=gradlew 
java_command: org.gradle.wrapper.GradleWrapperMain installDebug
java_class_path (initial): C:\Users\tnguy\OneDrive\Documents\GitHub\TossIt\TossIt\android\\gradle\wrapper\gradle-wrapper.jar
Launcher Type: SUN_STANDARD

Environment Variables:
JAVA_HOME=C:\Program Files\Java\jdk1.8.0_92
CLASSPATH=C:\Users\tnguy\OneDrive\Documents\GitHub\TossIt\TossIt\android\\gradle\wrapper\gradle-wrapper.jar
PATH=C:\Program Files (x86)\NVIDIA Corporation\PhysX\Common;C:\ProgramData\Oracle\Java\javapath;C:\WINDOWS\system32;C:\WINDOWS;C:\WINDOWS\System32\Wbem;C:\WINDOWS\System32\WindowsPowerShell\v1.0\;C:\Program Files (x86)\ATI Technologies\ATI.ACE\Core-Static;C:\Program Files\Microsoft SQL Server\130\Tools\Binn\;C:\Program Files\MySQL\MySQL Utilities 1.6\;c:\altera\91sp2\quartus\bin;C:\Program Files (x86)\GtkSharp\2.12\bin;C:\Program Files (x86)\PharosSystems\Core;C:\Program Files\Git\cmd;C:\Python27;C:\Python27\Scripts\;C:\sqlite3;C:\Program Files (x86)\PuTTY\;C:\Program Files\nodejs\;C:\Program Files (x86)\Yarn\bin;C:\Program Files (x86)\Skype\Phone\;C:\Program Files (x86)\Java\jdk1.7.0_71\bin;C:\Program Files\Microsoft\Web Platform Installer\;C:\Program Files\dotnet\;C:\Program Files (x86)\Microsoft SQL Server\110\DTS\Binn\;C:\Program Files (x86)\Microsoft SQL Server\120\DTS\Binn\;C:\Program Files (x86)\Microsoft SQL Server\130\DTS\Binn\;C:\ProgramData\chocolatey\bin;C:\Ruby23-x64\bin;C:\Users\tnguy\AppData\Roaming\npm;C:\Users\tnguy\AppData\Local\Yarn\.bin;C:\Users\tnguy\AppData\Local\atom\bin;%USERPROFILE%\AppData\Local\Microsoft\WindowsApps;
USERNAME=tnguy
OS=Windows_NT
PROCESSOR_IDENTIFIER=AMD64 Family 21 Model 96 Stepping 1, AuthenticAMD



---------------  S Y S T E M  ---------------

OS: Windows 10.0 , 64 bit Build 15063 (10.0.15063.296)

CPU:total 4 (4 cores per cpu, 1 threads per core) family 21 model 96 stepping 1, cmov, cx8, fxsr, mmx, sse, sse2, sse3, ssse3, sse4.1, sse4.2, popcnt, avx, avx2, aes, clmul, mmxext, 3dnowpref, lzcnt, sse4a, tsc, tscinvbit, tscinv, bmi1

Memory: 4k page, physical 7279828k(884640k free), swap 9106644k(5000k free)

vm_info: Java HotSpot(TM) 64-Bit Server VM (25.92-b14) for windows-amd64 JRE (1.8.0_92-b14), built on Mar 31 2016 21:03:04 by "java_re" with MS VC++ 10.0 (VS2010)

time: Sat May 20 15:23:09 2017
elapsed time: 23 seconds (0d 0h 0m 23s)

